2024-05-02 12:16:36,268 [INFO] udit.dev.schooltimetablemanagementsystem.SchoolTimeTableManagementSystemApplication [restartedMain] Starting SchoolTimeTableManagementSystemApplication using Java 17.0.10 with PID 14292 (D:\Programs_Code\JAVA PROGRAMS\aman\backendproject\backend\backend\School-TimeTable-Management-System\target\classes started by 91885 in D:\Programs_Code\JAVA PROGRAMS\aman\backendproject\backend\backend\School-TimeTable-Management-System)
2024-05-02 12:16:36,271 [INFO] udit.dev.schooltimetablemanagementsystem.SchoolTimeTableManagementSystemApplication [restartedMain] No active profile set, falling back to 1 default profile: "default"
2024-05-02 12:16:36,332 [INFO] org.springframework.boot.devtools.env.DevToolsPropertyDefaultsPostProcessor [restartedMain] Devtools property defaults active! Set 'spring.devtools.add-properties' to 'false' to disable
2024-05-02 12:16:36,440 [INFO] org.springframework.boot.devtools.env.DevToolsPropertyDefaultsPostProcessor [restartedMain] For additional web related logging consider setting the 'logging.level.web' property to 'DEBUG'
2024-05-02 12:16:37,255 [INFO] org.springframework.data.repository.config.RepositoryConfigurationDelegate [restartedMain] Bootstrapping Spring Data JPA repositories in DEFAULT mode.
2024-05-02 12:16:37,342 [INFO] org.springframework.data.repository.config.RepositoryConfigurationDelegate [restartedMain] Finished Spring Data repository scanning in 77 ms. Found 4 JPA repository interfaces.
2024-05-02 12:16:38,069 [INFO] org.springframework.boot.web.embedded.tomcat.TomcatWebServer [restartedMain] Tomcat initialized with port 8080 (http)
2024-05-02 12:16:38,083 [INFO] org.apache.catalina.core.StandardService [restartedMain] Starting service [Tomcat]
2024-05-02 12:16:38,084 [INFO] org.apache.catalina.core.StandardEngine [restartedMain] Starting Servlet engine: [Apache Tomcat/10.1.20]
2024-05-02 12:16:38,155 [INFO] org.apache.catalina.core.ContainerBase.[Tomcat].[localhost].[/] [restartedMain] Initializing Spring embedded WebApplicationContext
2024-05-02 12:16:38,156 [INFO] org.springframework.boot.web.servlet.context.ServletWebServerApplicationContext [restartedMain] Root WebApplicationContext: initialization completed in 1714 ms
2024-05-02 12:16:38,361 [INFO] org.hibernate.jpa.internal.util.LogHelper [restartedMain] HHH000204: Processing PersistenceUnitInfo [name: default]
2024-05-02 12:16:38,428 [INFO] org.hibernate.Version [restartedMain] HHH000412: Hibernate ORM core version 6.4.4.Final
2024-05-02 12:16:38,471 [INFO] org.hibernate.cache.internal.RegionFactoryInitiator [restartedMain] HHH000026: Second-level cache disabled
2024-05-02 12:16:38,774 [INFO] org.springframework.orm.jpa.persistenceunit.SpringPersistenceUnitInfo [restartedMain] No LoadTimeWeaver setup: ignoring JPA class transformer
2024-05-02 12:16:38,806 [INFO] com.zaxxer.hikari.HikariDataSource [restartedMain] HikariPool-1 - Starting...
2024-05-02 12:16:39,202 [INFO] com.zaxxer.hikari.pool.HikariPool [restartedMain] HikariPool-1 - Added connection com.mysql.cj.jdbc.ConnectionImpl@71e6d2ac
2024-05-02 12:16:39,204 [INFO] com.zaxxer.hikari.HikariDataSource [restartedMain] HikariPool-1 - Start completed.
2024-05-02 12:16:40,624 [INFO] org.hibernate.engine.transaction.jta.platform.internal.JtaPlatformInitiator [restartedMain] HHH000489: No JTA platform available (set 'hibernate.transaction.jta.platform' to enable JTA platform integration)
2024-05-02 12:16:40,738 [INFO] org.springframework.orm.jpa.LocalContainerEntityManagerFactoryBean [restartedMain] Initialized JPA EntityManagerFactory for persistence unit 'default'
2024-05-02 12:16:41,133 [WARN] org.springframework.boot.autoconfigure.orm.jpa.JpaBaseConfiguration$JpaWebConfiguration [restartedMain] spring.jpa.open-in-view is enabled by default. Therefore, database queries may be performed during view rendering. Explicitly configure spring.jpa.open-in-view to disable this warning
2024-05-02 12:16:41,507 [INFO] org.springframework.boot.devtools.autoconfigure.OptionalLiveReloadServer [restartedMain] LiveReload server is running on port 35729
2024-05-02 12:16:41,549 [INFO] org.springframework.boot.web.embedded.tomcat.TomcatWebServer [restartedMain] Tomcat started on port 8080 (http) with context path ''
2024-05-02 12:16:41,557 [INFO] udit.dev.schooltimetablemanagementsystem.SchoolTimeTableManagementSystemApplication [restartedMain] Started SchoolTimeTableManagementSystemApplication in 5.904 seconds (process running for 6.853)
2024-05-02 12:19:19,599 [INFO] org.springframework.boot.devtools.autoconfigure.LocalDevToolsAutoConfiguration$RestartingClassPathChangeChangedEventListener [File Watcher] Restarting due to 26 class path changes (0 additions, 25 deletions, 1 modification)
2024-05-02 12:19:19,634 [INFO] org.springframework.orm.jpa.LocalContainerEntityManagerFactoryBean [Thread-5] Closing JPA EntityManagerFactory for persistence unit 'default'
2024-05-02 12:19:19,640 [INFO] com.zaxxer.hikari.HikariDataSource [Thread-5] HikariPool-1 - Shutdown initiated...
2024-05-02 12:19:19,671 [INFO] com.zaxxer.hikari.HikariDataSource [Thread-5] HikariPool-1 - Shutdown completed.
2024-05-02 12:19:19,785 [INFO] udit.dev.schooltimetablemanagementsystem.SchoolTimeTableManagementSystemApplication [restartedMain] Starting SchoolTimeTableManagementSystemApplication using Java 17.0.10 with PID 14292 (D:\Programs_Code\JAVA PROGRAMS\aman\backendproject\backend\backend\School-TimeTable-Management-System\target\classes started by 91885 in D:\Programs_Code\JAVA PROGRAMS\aman\backendproject\backend\backend\School-TimeTable-Management-System)
2024-05-02 12:19:19,786 [INFO] udit.dev.schooltimetablemanagementsystem.SchoolTimeTableManagementSystemApplication [restartedMain] No active profile set, falling back to 1 default profile: "default"
2024-05-02 12:19:20,105 [INFO] org.springframework.data.repository.config.RepositoryConfigurationDelegate [restartedMain] Bootstrapping Spring Data JPA repositories in DEFAULT mode.
2024-05-02 12:19:20,107 [INFO] org.springframework.data.repository.config.RepositoryConfigurationDelegate [restartedMain] Finished Spring Data repository scanning in 1 ms. Found 0 JPA repository interfaces.
2024-05-02 12:19:20,286 [INFO] org.springframework.boot.web.embedded.tomcat.TomcatWebServer [restartedMain] Tomcat initialized with port 8080 (http)
2024-05-02 12:19:20,288 [INFO] org.apache.catalina.core.StandardService [restartedMain] Starting service [Tomcat]
2024-05-02 12:19:20,288 [INFO] org.apache.catalina.core.StandardEngine [restartedMain] Starting Servlet engine: [Apache Tomcat/10.1.20]
2024-05-02 12:19:20,333 [INFO] org.apache.catalina.core.ContainerBase.[Tomcat].[localhost].[/] [restartedMain] Initializing Spring embedded WebApplicationContext
2024-05-02 12:19:20,334 [INFO] org.springframework.boot.web.servlet.context.ServletWebServerApplicationContext [restartedMain] Root WebApplicationContext: initialization completed in 544 ms
2024-05-02 12:19:20,399 [INFO] org.hibernate.jpa.internal.util.LogHelper [restartedMain] HHH000204: Processing PersistenceUnitInfo [name: default]
2024-05-02 12:19:20,403 [INFO] org.hibernate.cache.internal.RegionFactoryInitiator [restartedMain] HHH000026: Second-level cache disabled
2024-05-02 12:19:20,410 [INFO] org.springframework.orm.jpa.persistenceunit.SpringPersistenceUnitInfo [restartedMain] No LoadTimeWeaver setup: ignoring JPA class transformer
2024-05-02 12:19:20,412 [INFO] com.zaxxer.hikari.HikariDataSource [restartedMain] HikariPool-2 - Starting...
2024-05-02 12:19:20,457 [INFO] com.zaxxer.hikari.pool.HikariPool [restartedMain] HikariPool-2 - Added connection com.mysql.cj.jdbc.ConnectionImpl@1c1de3e6
2024-05-02 12:19:20,458 [INFO] com.zaxxer.hikari.HikariDataSource [restartedMain] HikariPool-2 - Start completed.
2024-05-02 12:19:20,483 [INFO] org.hibernate.engine.transaction.jta.platform.internal.JtaPlatformInitiator [restartedMain] HHH000489: No JTA platform available (set 'hibernate.transaction.jta.platform' to enable JTA platform integration)
2024-05-02 12:19:20,483 [INFO] org.springframework.orm.jpa.LocalContainerEntityManagerFactoryBean [restartedMain] Initialized JPA EntityManagerFactory for persistence unit 'default'
2024-05-02 12:19:20,512 [WARN] org.springframework.boot.autoconfigure.orm.jpa.JpaBaseConfiguration$JpaWebConfiguration [restartedMain] spring.jpa.open-in-view is enabled by default. Therefore, database queries may be performed during view rendering. Explicitly configure spring.jpa.open-in-view to disable this warning
2024-05-02 12:19:20,735 [INFO] org.springframework.boot.devtools.autoconfigure.OptionalLiveReloadServer [restartedMain] LiveReload server is running on port 35729
2024-05-02 12:19:20,752 [INFO] org.springframework.boot.web.embedded.tomcat.TomcatWebServer [restartedMain] Tomcat started on port 8080 (http) with context path ''
2024-05-02 12:19:20,760 [INFO] udit.dev.schooltimetablemanagementsystem.SchoolTimeTableManagementSystemApplication [restartedMain] Started SchoolTimeTableManagementSystemApplication in 1.017 seconds (process running for 166.056)
2024-05-02 12:19:20,765 [INFO] org.springframework.boot.devtools.autoconfigure.ConditionEvaluationDeltaLoggingListener [restartedMain] Condition evaluation unchanged
2024-05-02 12:19:24,200 [INFO] org.springframework.boot.devtools.autoconfigure.LocalDevToolsAutoConfiguration$RestartingClassPathChangeChangedEventListener [File Watcher] Restarting due to 25 class path changes (25 additions, 0 deletions, 0 modifications)
2024-05-02 12:19:24,223 [INFO] org.springframework.orm.jpa.LocalContainerEntityManagerFactoryBean [Thread-7] Closing JPA EntityManagerFactory for persistence unit 'default'
2024-05-02 12:19:24,224 [INFO] com.zaxxer.hikari.HikariDataSource [Thread-7] HikariPool-2 - Shutdown initiated...
2024-05-02 12:19:24,255 [INFO] com.zaxxer.hikari.HikariDataSource [Thread-7] HikariPool-2 - Shutdown completed.
2024-05-02 12:19:24,350 [INFO] udit.dev.schooltimetablemanagementsystem.SchoolTimeTableManagementSystemApplication [restartedMain] Starting SchoolTimeTableManagementSystemApplication using Java 17.0.10 with PID 14292 (D:\Programs_Code\JAVA PROGRAMS\aman\backendproject\backend\backend\School-TimeTable-Management-System\target\classes started by 91885 in D:\Programs_Code\JAVA PROGRAMS\aman\backendproject\backend\backend\School-TimeTable-Management-System)
2024-05-02 12:19:24,351 [INFO] udit.dev.schooltimetablemanagementsystem.SchoolTimeTableManagementSystemApplication [restartedMain] No active profile set, falling back to 1 default profile: "default"
2024-05-02 12:19:24,619 [INFO] org.springframework.data.repository.config.RepositoryConfigurationDelegate [restartedMain] Bootstrapping Spring Data JPA repositories in DEFAULT mode.
2024-05-02 12:19:24,643 [INFO] org.springframework.data.repository.config.RepositoryConfigurationDelegate [restartedMain] Finished Spring Data repository scanning in 24 ms. Found 4 JPA repository interfaces.
2024-05-02 12:19:24,770 [INFO] org.springframework.boot.web.embedded.tomcat.TomcatWebServer [restartedMain] Tomcat initialized with port 8080 (http)
2024-05-02 12:19:24,771 [INFO] org.apache.catalina.core.StandardService [restartedMain] Starting service [Tomcat]
2024-05-02 12:19:24,771 [INFO] org.apache.catalina.core.StandardEngine [restartedMain] Starting Servlet engine: [Apache Tomcat/10.1.20]
2024-05-02 12:19:24,796 [INFO] org.apache.catalina.core.ContainerBase.[Tomcat].[localhost].[/] [restartedMain] Initializing Spring embedded WebApplicationContext
2024-05-02 12:19:24,796 [INFO] org.springframework.boot.web.servlet.context.ServletWebServerApplicationContext [restartedMain] Root WebApplicationContext: initialization completed in 441 ms
2024-05-02 12:19:24,841 [INFO] org.hibernate.jpa.internal.util.LogHelper [restartedMain] HHH000204: Processing PersistenceUnitInfo [name: default]
2024-05-02 12:19:24,845 [INFO] org.hibernate.cache.internal.RegionFactoryInitiator [restartedMain] HHH000026: Second-level cache disabled
2024-05-02 12:19:24,851 [INFO] org.springframework.orm.jpa.persistenceunit.SpringPersistenceUnitInfo [restartedMain] No LoadTimeWeaver setup: ignoring JPA class transformer
2024-05-02 12:19:24,852 [INFO] com.zaxxer.hikari.HikariDataSource [restartedMain] HikariPool-3 - Starting...
2024-05-02 12:19:24,881 [INFO] com.zaxxer.hikari.pool.HikariPool [restartedMain] HikariPool-3 - Added connection com.mysql.cj.jdbc.ConnectionImpl@77e11f4d
2024-05-02 12:19:24,882 [INFO] com.zaxxer.hikari.HikariDataSource [restartedMain] HikariPool-3 - Start completed.
2024-05-02 12:19:24,966 [INFO] org.hibernate.engine.transaction.jta.platform.internal.JtaPlatformInitiator [restartedMain] HHH000489: No JTA platform available (set 'hibernate.transaction.jta.platform' to enable JTA platform integration)
2024-05-02 12:19:25,023 [INFO] org.springframework.orm.jpa.LocalContainerEntityManagerFactoryBean [restartedMain] Initialized JPA EntityManagerFactory for persistence unit 'default'
2024-05-02 12:19:25,180 [WARN] org.springframework.boot.autoconfigure.orm.jpa.JpaBaseConfiguration$JpaWebConfiguration [restartedMain] spring.jpa.open-in-view is enabled by default. Therefore, database queries may be performed during view rendering. Explicitly configure spring.jpa.open-in-view to disable this warning
2024-05-02 12:19:25,360 [INFO] org.springframework.boot.devtools.autoconfigure.OptionalLiveReloadServer [restartedMain] LiveReload server is running on port 35729
2024-05-02 12:19:25,391 [INFO] org.springframework.boot.web.embedded.tomcat.TomcatWebServer [restartedMain] Tomcat started on port 8080 (http) with context path ''
2024-05-02 12:19:25,396 [INFO] udit.dev.schooltimetablemanagementsystem.SchoolTimeTableManagementSystemApplication [restartedMain] Started SchoolTimeTableManagementSystemApplication in 1.08 seconds (process running for 170.692)
2024-05-02 12:19:25,398 [INFO] org.springframework.boot.devtools.autoconfigure.ConditionEvaluationDeltaLoggingListener [restartedMain] Condition evaluation unchanged
2024-05-02 12:21:18,107 [INFO] org.apache.catalina.core.ContainerBase.[Tomcat].[localhost].[/] [http-nio-8080-exec-1] Initializing Spring DispatcherServlet 'dispatcherServlet'
2024-05-02 12:21:18,110 [INFO] org.springframework.web.servlet.DispatcherServlet [http-nio-8080-exec-1] Initializing Servlet 'dispatcherServlet'
2024-05-02 12:21:18,113 [INFO] org.springframework.web.servlet.DispatcherServlet [http-nio-8080-exec-1] Completed initialization in 2 ms
2024-05-02 12:21:18,493 [WARN] udit.dev.schooltimetablemanagementsystem.controllers.ClassroomController [http-nio-8080-exec-1] Updating classroom: udit.dev.schooltimetablemanagementsystem.models.Classroom@12e44314
2024-05-02 12:22:18,968 [WARN] org.springframework.web.servlet.mvc.support.DefaultHandlerExceptionResolver [http-nio-8080-exec-3] Resolved [org.springframework.web.HttpRequestMethodNotSupportedException: Request method 'PUT' is not supported]
2024-05-02 12:23:54,494 [WARN] udit.dev.schooltimetablemanagementsystem.controllers.ClassroomController [http-nio-8080-exec-7] Updating classroom: udit.dev.schooltimetablemanagementsystem.models.Classroom@5763262
2024-05-02 12:24:31,159 [WARN] udit.dev.schooltimetablemanagementsystem.controllers.ClassroomController [http-nio-8080-exec-8] Creating classroom: udit.dev.schooltimetablemanagementsystem.dtos.ClassroomCreateDTO@69688c83
2024-05-02 12:24:32,403 [WARN] udit.dev.schooltimetablemanagementsystem.controllers.ClassroomController [http-nio-8080-exec-9] Creating classroom: udit.dev.schooltimetablemanagementsystem.dtos.ClassroomCreateDTO@5e65d077
2024-05-02 12:24:56,278 [WARN] udit.dev.schooltimetablemanagementsystem.controllers.SubjectController [http-nio-8080-exec-10] Created subject udit.dev.schooltimetablemanagementsystem.dtos.SubjectCreateDTO@b59e0ff:
2024-05-02 12:25:33,746 [WARN] org.springframework.web.servlet.mvc.support.DefaultHandlerExceptionResolver [http-nio-8080-exec-1] Resolved [org.springframework.http.converter.HttpMessageNotReadableException: JSON parse error: No content to map due to end-of-input]
2024-05-02 12:25:49,985 [WARN] org.springframework.web.servlet.mvc.support.DefaultHandlerExceptionResolver [http-nio-8080-exec-4] Resolved [org.springframework.http.converter.HttpMessageNotReadableException: JSON parse error: No content to map due to end-of-input]
2024-05-02 12:26:35,040 [WARN] udit.dev.schooltimetablemanagementsystem.controllers.SubjectController [http-nio-8080-exec-6] Created subject udit.dev.schooltimetablemanagementsystem.dtos.SubjectCreateDTO@47499859:
2024-05-02 12:27:26,275 [WARN] udit.dev.schooltimetablemanagementsystem.controllers.TeacherController [http-nio-8080-exec-8] Created A Teacher Object udit.dev.schooltimetablemanagementsystem.models.Teacher@15185cec:
2024-05-02 12:27:54,009 [WARN] udit.dev.schooltimetablemanagementsystem.controllers.TeacherController [http-nio-8080-exec-9] Created A Teacher Object udit.dev.schooltimetablemanagementsystem.models.Teacher@19381cd7:
2024-05-02 12:28:51,381 [WARN] udit.dev.schooltimetablemanagementsystem.controllers.SubjectController [http-nio-8080-exec-10] Created subject udit.dev.schooltimetablemanagementsystem.dtos.SubjectCreateDTO@7b7c25bf:
2024-05-02 12:29:27,804 [WARN] udit.dev.schooltimetablemanagementsystem.controllers.TeacherController [http-nio-8080-exec-2] Created A Teacher Object udit.dev.schooltimetablemanagementsystem.models.Teacher@3d146d6e:
2024-05-02 12:29:38,009 [WARN] udit.dev.schooltimetablemanagementsystem.controllers.TeacherController [http-nio-8080-exec-1] Created A Teacher Object udit.dev.schooltimetablemanagementsystem.models.Teacher@7b60787d:
2024-05-02 12:29:40,385 [WARN] udit.dev.schooltimetablemanagementsystem.controllers.TeacherController [http-nio-8080-exec-3] Created A Teacher Object udit.dev.schooltimetablemanagementsystem.models.Teacher@1466b4a1:
2024-05-02 12:29:48,249 [WARN] udit.dev.schooltimetablemanagementsystem.controllers.TeacherController [http-nio-8080-exec-4] Created A Teacher Object udit.dev.schooltimetablemanagementsystem.models.Teacher@70747681:
2024-05-02 12:30:18,822 [WARN] udit.dev.schooltimetablemanagementsystem.controllers.TimeTableEntryController [http-nio-8080-exec-5] timetable entry created.
2024-05-02 12:32:01,357 [WARN] udit.dev.schooltimetablemanagementsystem.controllers.TimeTableEntryController [http-nio-8080-exec-7] timetable entry created.
2024-05-02 12:32:33,593 [WARN] udit.dev.schooltimetablemanagementsystem.controllers.ClassroomController [http-nio-8080-exec-9] Updating classroom: udit.dev.schooltimetablemanagementsystem.models.Classroom@21a7a7f0
2024-05-02 12:33:07,871 [WARN] udit.dev.schooltimetablemanagementsystem.controllers.ClassroomController [http-nio-8080-exec-10] Deleting classroom by id: 7
2024-05-02 12:57:59,779 [INFO] udit.dev.schooltimetablemanagementsystem.SchoolTimeTableManagementSystemApplication [restartedMain] Starting SchoolTimeTableManagementSystemApplication using Java 17.0.8 with PID 21104 (C:\Users\uditn\OneDrive\Desktop\School-TimeTable-Management-System\target\classes started by uditn in C:\Users\uditn\OneDrive\Desktop\School-TimeTable-Management-System)
2024-05-02 12:57:59,781 [INFO] udit.dev.schooltimetablemanagementsystem.SchoolTimeTableManagementSystemApplication [restartedMain] No active profile set, falling back to 1 default profile: "default"
2024-05-02 12:58:00,047 [INFO] org.springframework.data.repository.config.RepositoryConfigurationDelegate [restartedMain] Bootstrapping Spring Data JPA repositories in DEFAULT mode.
2024-05-02 12:58:00,075 [INFO] org.springframework.data.repository.config.RepositoryConfigurationDelegate [restartedMain] Finished Spring Data repository scanning in 27 ms. Found 4 JPA repository interfaces.
2024-05-02 12:58:00,175 [INFO] org.springframework.boot.web.embedded.tomcat.TomcatWebServer [restartedMain] Tomcat initialized with port 8080 (http)
2024-05-02 12:58:00,176 [INFO] org.apache.catalina.core.StandardService [restartedMain] Starting service [Tomcat]
2024-05-02 12:58:00,176 [INFO] org.apache.catalina.core.StandardEngine [restartedMain] Starting Servlet engine: [Apache Tomcat/10.1.20]
2024-05-02 12:58:00,244 [INFO] org.apache.catalina.core.ContainerBase.[Tomcat].[localhost].[/] [restartedMain] Initializing Spring embedded WebApplicationContext
2024-05-02 12:58:00,244 [INFO] org.springframework.boot.web.servlet.context.ServletWebServerApplicationContext [restartedMain] Root WebApplicationContext: initialization completed in 459 ms
2024-05-02 12:58:00,276 [INFO] org.hibernate.jpa.internal.util.LogHelper [restartedMain] HHH000204: Processing PersistenceUnitInfo [name: default]
2024-05-02 12:58:00,280 [INFO] org.hibernate.cache.internal.RegionFactoryInitiator [restartedMain] HHH000026: Second-level cache disabled
2024-05-02 12:58:00,286 [INFO] org.springframework.orm.jpa.persistenceunit.SpringPersistenceUnitInfo [restartedMain] No LoadTimeWeaver setup: ignoring JPA class transformer
2024-05-02 12:58:00,287 [INFO] com.zaxxer.hikari.HikariDataSource [restartedMain] HikariPool-2 - Starting...
2024-05-02 12:58:00,317 [INFO] com.zaxxer.hikari.pool.HikariPool [restartedMain] HikariPool-2 - Added connection com.mysql.cj.jdbc.ConnectionImpl@210577d8
2024-05-02 12:58:00,317 [INFO] com.zaxxer.hikari.HikariDataSource [restartedMain] HikariPool-2 - Start completed.
2024-05-02 12:58:00,418 [INFO] org.hibernate.engine.transaction.jta.platform.internal.JtaPlatformInitiator [restartedMain] HHH000489: No JTA platform available (set 'hibernate.transaction.jta.platform' to enable JTA platform integration)
2024-05-02 12:58:00,502 [INFO] org.springframework.orm.jpa.LocalContainerEntityManagerFactoryBean [restartedMain] Initialized JPA EntityManagerFactory for persistence unit 'default'
2024-05-02 12:58:00,594 [WARN] org.springframework.boot.autoconfigure.orm.jpa.JpaBaseConfiguration$JpaWebConfiguration [restartedMain] spring.jpa.open-in-view is enabled by default. Therefore, database queries may be performed during view rendering. Explicitly configure spring.jpa.open-in-view to disable this warning
2024-05-02 12:58:00,703 [INFO] org.springframework.boot.devtools.autoconfigure.OptionalLiveReloadServer [restartedMain] LiveReload server is running on port 35729
2024-05-02 12:58:00,719 [INFO] org.springframework.boot.web.embedded.tomcat.TomcatWebServer [restartedMain] Tomcat started on port 8080 (http) with context path ''
2024-05-02 12:58:00,722 [INFO] udit.dev.schooltimetablemanagementsystem.SchoolTimeTableManagementSystemApplication [restartedMain] Started SchoolTimeTableManagementSystemApplication in 1.018 seconds (process running for 34611.283)
2024-05-02 12:58:00,724 [INFO] org.springframework.boot.devtools.autoconfigure.ConditionEvaluationDeltaLoggingListener [restartedMain] Condition evaluation unchanged
2024-05-02 12:58:02,208 [INFO] org.springframework.boot.devtools.autoconfigure.LocalDevToolsAutoConfiguration$RestartingClassPathChangeChangedEventListener [File Watcher] Restarting due to 4 class path changes (4 additions, 0 deletions, 0 modifications)
2024-05-02 12:58:02,257 [INFO] org.springframework.orm.jpa.LocalContainerEntityManagerFactoryBean [Thread-7] Closing JPA EntityManagerFactory for persistence unit 'default'
2024-05-02 12:58:02,257 [INFO] com.zaxxer.hikari.HikariDataSource [Thread-7] HikariPool-2 - Shutdown initiated...
2024-05-02 12:58:02,307 [INFO] com.zaxxer.hikari.HikariDataSource [Thread-7] HikariPool-2 - Shutdown completed.
2024-05-02 12:58:02,397 [INFO] udit.dev.schooltimetablemanagementsystem.SchoolTimeTableManagementSystemApplication [restartedMain] Starting SchoolTimeTableManagementSystemApplication using Java 17.0.8 with PID 21104 (C:\Users\uditn\OneDrive\Desktop\School-TimeTable-Management-System\target\classes started by uditn in C:\Users\uditn\OneDrive\Desktop\School-TimeTable-Management-System)
2024-05-02 12:58:02,397 [INFO] udit.dev.schooltimetablemanagementsystem.SchoolTimeTableManagementSystemApplication [restartedMain] No active profile set, falling back to 1 default profile: "default"
2024-05-02 12:58:02,966 [INFO] org.springframework.data.repository.config.RepositoryConfigurationDelegate [restartedMain] Bootstrapping Spring Data JPA repositories in DEFAULT mode.
2024-05-02 12:58:03,067 [INFO] org.springframework.data.repository.config.RepositoryConfigurationDelegate [restartedMain] Finished Spring Data repository scanning in 110 ms. Found 4 JPA repository interfaces.
2024-05-02 12:58:03,487 [INFO] org.springframework.boot.web.embedded.tomcat.TomcatWebServer [restartedMain] Tomcat initialized with port 8080 (http)
2024-05-02 12:58:03,494 [INFO] org.apache.catalina.core.StandardService [restartedMain] Starting service [Tomcat]
2024-05-02 12:58:03,497 [INFO] org.apache.catalina.core.StandardEngine [restartedMain] Starting Servlet engine: [Apache Tomcat/10.1.20]
2024-05-02 12:58:03,605 [INFO] org.apache.catalina.core.ContainerBase.[Tomcat].[localhost].[/] [restartedMain] Initializing Spring embedded WebApplicationContext
2024-05-02 12:58:03,606 [INFO] org.springframework.boot.web.servlet.context.ServletWebServerApplicationContext [restartedMain] Root WebApplicationContext: initialization completed in 1209 ms
2024-05-02 12:58:03,690 [INFO] org.hibernate.jpa.internal.util.LogHelper [restartedMain] HHH000204: Processing PersistenceUnitInfo [name: default]
2024-05-02 12:58:03,693 [INFO] org.hibernate.cache.internal.RegionFactoryInitiator [restartedMain] HHH000026: Second-level cache disabled
2024-05-02 12:58:03,701 [INFO] org.springframework.orm.jpa.persistenceunit.SpringPersistenceUnitInfo [restartedMain] No LoadTimeWeaver setup: ignoring JPA class transformer
2024-05-02 12:58:03,702 [INFO] com.zaxxer.hikari.HikariDataSource [restartedMain] HikariPool-3 - Starting...
2024-05-02 12:58:03,822 [INFO] com.zaxxer.hikari.pool.HikariPool [restartedMain] HikariPool-3 - Added connection com.mysql.cj.jdbc.ConnectionImpl@292740f4
2024-05-02 12:58:03,822 [INFO] com.zaxxer.hikari.HikariDataSource [restartedMain] HikariPool-3 - Start completed.
2024-05-02 12:58:03,997 [INFO] org.hibernate.engine.transaction.jta.platform.internal.JtaPlatformInitiator [restartedMain] HHH000489: No JTA platform available (set 'hibernate.transaction.jta.platform' to enable JTA platform integration)
2024-05-02 12:58:04,049 [INFO] org.springframework.orm.jpa.LocalContainerEntityManagerFactoryBean [restartedMain] Initialized JPA EntityManagerFactory for persistence unit 'default'
2024-05-02 12:58:04,325 [WARN] org.springframework.boot.autoconfigure.orm.jpa.JpaBaseConfiguration$JpaWebConfiguration [restartedMain] spring.jpa.open-in-view is enabled by default. Therefore, database queries may be performed during view rendering. Explicitly configure spring.jpa.open-in-view to disable this warning
2024-05-02 12:58:04,724 [INFO] org.springframework.boot.devtools.autoconfigure.OptionalLiveReloadServer [restartedMain] LiveReload server is running on port 35729
2024-05-02 12:58:04,814 [INFO] org.springframework.boot.web.embedded.tomcat.TomcatWebServer [restartedMain] Tomcat started on port 8080 (http) with context path ''
2024-05-02 12:58:04,844 [INFO] udit.dev.schooltimetablemanagementsystem.SchoolTimeTableManagementSystemApplication [restartedMain] Started SchoolTimeTableManagementSystemApplication in 2.479 seconds (process running for 34615.405)
2024-05-02 12:58:04,844 [INFO] org.springframework.boot.devtools.autoconfigure.ConditionEvaluationDeltaLoggingListener [restartedMain] Condition evaluation unchanged
2024-05-02 13:05:23,856 [WARN] com.zaxxer.hikari.pool.HikariPool [HikariPool-3 housekeeper] HikariPool-3 - Thread starvation or clock leap detected (housekeeper delta=6m19s903ms826µs200ns).
